# JRE version: OpenJDK Runtime Environment (8.0_162-b12) (build 1.8.0_162-8u162-b12-1~deb9u1-b12)
# Java VM: OpenJDK 64-Bit Server VM (25.162-b12 mixed mode linux-amd64 compressed oops)
Heap:
 PSYoungGen      total 13312K, used 1727K [0x00000000d7200000, 0x00000000d8600000, 0x0000000100000000)
  eden space 10752K, 16% used [0x00000000d7200000,0x00000000d73afcd0,0x00000000d7c80000)
  from space 2560K, 0% used [0x00000000d8080000,0x00000000d8080000,0x00000000d8300000)
  to   space 4096K, 0% used [0x00000000d7c80000,0x00000000d7c80000,0x00000000d8080000)
 ParOldGen       total 9728K, used 4798K [0x0000000085600000, 0x0000000085f80000, 0x00000000d7200000)
  object space 9728K, 49% used [0x0000000085600000,0x0000000085aaf860,0x0000000085f80000)
 Metaspace       used 8118K, capacity 8724K, committed 8960K, reserved 1056768K
  class space    used 966K, capacity 976K, committed 1024K, reserved 1048576K
GC Heap History (10 events):
Event: 0.987 GC heap before
{Heap before GC invocations=3 (full 0):
 PSYoungGen      total 3584K, used 3503K [0x00000000d7200000, 0x00000000d7600000, 0x0000000100000000)
  eden space 3072K, 97% used [0x00000000d7200000,0x00000000d74ebfd0,0x00000000d7500000)
  from space 512K, 100% used [0x00000000d7580000,0x00000000d7600000,0x00000000d7600000)
  to   space 512K, 0% used [0x00000000d7500000,0x00000000d7500000,0x00000000d7580000)
 ParOldGen       total 5632K, used 112K [0x0000000085600000, 0x0000000085b80000, 0x00000000d7200000)
  object space 5632K, 1% used [0x0000000085600000,0x000000008561c030,0x0000000085b80000)
 Metaspace       used 4765K, capacity 5964K, committed 6272K, reserved 1056768K
  class space    used 558K, capacity 584K, committed 640K, reserved 1048576K
Event: 0.998 GC heap after
Heap after GC invocations=3 (full 0):
 PSYoungGen      total 3584K, used 511K [0x00000000d7200000, 0x00000000d7900000, 0x0000000100000000)
  eden space 3072K, 0% used [0x00000000d7200000,0x00000000d7200000,0x00000000d7500000)
  from space 512K, 99% used [0x00000000d7500000,0x00000000d757fc10,0x00000000d7580000)
  to   space 512K, 0% used [0x00000000d7880000,0x00000000d7880000,0x00000000d7900000)
 ParOldGen       total 5632K, used 640K [0x0000000085600000, 0x0000000085b80000, 0x00000000d7200000)
  object space 5632K, 11% used [0x0000000085600000,0x00000000856a0080,0x0000000085b80000)
 Metaspace       used 4765K, capacity 5964K, committed 6272K, reserved 1056768K
  class space    used 558K, capacity 584K, committed 640K, reserved 1048576K
}
Event: 1.139 GC heap before
{Heap before GC invocations=4 (full 0):
 PSYoungGen      total 3584K, used 3583K [0x00000000d7200000, 0x00000000d7900000, 0x0000000100000000)
  eden space 3072K, 100% used [0x00000000d7200000,0x00000000d7500000,0x00000000d7500000)
  from space 512K, 99% used [0x00000000d7500000,0x00000000d757fc10,0x00000000d7580000)
  to   space 512K, 0% used [0x00000000d7880000,0x00000000d7880000,0x00000000d7900000)
 ParOldGen       total 5632K, used 640K [0x0000000085600000, 0x0000000085b80000, 0x00000000d7200000)
  object space 5632K, 11% used [0x0000000085600000,0x00000000856a0080,0x0000000085b80000)
 Metaspace       used 5592K, capacity 6796K, committed 6912K, reserved 1056768K
  class space    used 681K, capacity 712K, committed 768K, reserved 1048576K
Event: 1.143 GC heap after
Heap after GC invocations=4 (full 0):
 PSYoungGen      total 6656K, used 512K [0x00000000d7200000, 0x00000000d7900000, 0x0000000100000000)
  eden space 6144K, 0% used [0x00000000d7200000,0x00000000d7200000,0x00000000d7800000)
  from space 512K, 100% used [0x00000000d7880000,0x00000000d7900000,0x00000000d7900000)
  to   space 512K, 0% used [0x00000000d7800000,0x00000000d7800000,0x00000000d7880000)
 ParOldGen       total 5632K, used 720K [0x0000000085600000, 0x0000000085b80000, 0x00000000d7200000)
  object space 5632K, 12% used [0x0000000085600000,0x00000000856b4080,0x0000000085b80000)
 Metaspace       used 5592K, capacity 6796K, committed 6912K, reserved 1056768K
  class space    used 681K, capacity 712K, committed 768K, reserved 1048576K
}
Event: 1.508 GC heap before
{Heap before GC invocations=5 (full 0):
 PSYoungGen      total 6656K, used 6656K [0x00000000d7200000, 0x00000000d7900000, 0x0000000100000000)
  eden space 6144K, 100% used [0x00000000d7200000,0x00000000d7800000,0x00000000d7800000)
  from space 512K, 100% used [0x00000000d7880000,0x00000000d7900000,0x00000000d7900000)
  to   space 512K, 0% used [0x00000000d7800000,0x00000000d7800000,0x00000000d7880000)
 ParOldGen       total 5632K, used 720K [0x0000000085600000, 0x0000000085b80000, 0x00000000d7200000)
  object space 5632K, 12% used [0x0000000085600000,0x00000000856b4080,0x0000000085b80000)
 Metaspace       used 7134K, capacity 8052K, committed 8320K, reserved 1056768K
  class space    used 855K, capacity 880K, committed 896K, reserved 1048576K
Event: 1.519 GC heap after
Heap after GC invocations=5 (full 0):
 PSYoungGen      total 6656K, used 512K [0x00000000d7200000, 0x00000000d8300000, 0x0000000100000000)
  eden space 6144K, 0% used [0x00000000d7200000,0x00000000d7200000,0x00000000d7800000)
  from space 512K, 100% used [0x00000000d7800000,0x00000000d7880000,0x00000000d7880000)
  to   space 2560K, 0% used [0x00000000d8080000,0x00000000d8080000,0x00000000d8300000)
 ParOldGen       total 5632K, used 2924K [0x0000000085600000, 0x0000000085b80000, 0x00000000d7200000)
  object space 5632K, 51% used [0x0000000085600000,0x00000000858db2e8,0x0000000085b80000)
 Metaspace       used 7134K, capacity 8052K, committed 8320K, reserved 1056768K
  class space    used 855K, capacity 880K, committed 896K, reserved 1048576K
}
Event: 1.818 GC heap before
{Heap before GC invocations=6 (full 0):
 PSYoungGen      total 6656K, used 6656K [0x00000000d7200000, 0x00000000d8300000, 0x0000000100000000)
  eden space 6144K, 100% used [0x00000000d7200000,0x00000000d7800000,0x00000000d7800000)
  from space 512K, 100% used [0x00000000d7800000,0x00000000d7880000,0x00000000d7880000)
  to   space 2560K, 0% used [0x00000000d8080000,0x00000000d8080000,0x00000000d8300000)
 ParOldGen       total 5632K, used 2924K [0x0000000085600000, 0x0000000085b80000, 0x00000000d7200000)
  object space 5632K, 51% used [0x0000000085600000,0x00000000858db2e8,0x0000000085b80000)
 Metaspace       used 7433K, capacity 8276K, committed 8448K, reserved 1056768K
  class space    used 881K, capacity 912K, committed 1024K, reserved 1048576K
Event: 1.828 GC heap after
Heap after GC invocations=6 (full 0):
 PSYoungGen      total 13312K, used 2551K [0x00000000d7200000, 0x00000000d8600000, 0x0000000100000000)
  eden space 10752K, 0% used [0x00000000d7200000,0x00000000d7200000,0x00000000d7c80000)
  from space 2560K, 99% used [0x00000000d8080000,0x00000000d82fdda8,0x00000000d8300000)
  to   space 4096K, 0% used [0x00000000d7c80000,0x00000000d7c80000,0x00000000d8080000)
 ParOldGen       total 5632K, used 4068K [0x0000000085600000, 0x0000000085b80000, 0x00000000d7200000)
  object space 5632K, 72% used [0x0000000085600000,0x00000000859f92e8,0x0000000085b80000)
 Metaspace       used 7433K, capacity 8276K, committed 8448K, reserved 1056768K
  class space    used 881K, capacity 912K, committed 1024K, reserved 1048576K
}
Event: 1.828 GC heap before
{Heap before GC invocations=7 (full 1):
 PSYoungGen      total 13312K, used 2551K [0x00000000d7200000, 0x00000000d8600000, 0x0000000100000000)
  eden space 10752K, 0% used [0x00000000d7200000,0x00000000d7200000,0x00000000d7c80000)
  from space 2560K, 99% used [0x00000000d8080000,0x00000000d82fdda8,0x00000000d8300000)
  to   space 4096K, 0% used [0x00000000d7c80000,0x00000000d7c80000,0x00000000d8080000)
 ParOldGen       total 5632K, used 4068K [0x0000000085600000, 0x0000000085b80000, 0x00000000d7200000)
  object space 5632K, 72% used [0x0000000085600000,0x00000000859f92e8,0x0000000085b80000)
 Metaspace       used 7433K, capacity 8276K, committed 8448K, reserved 1056768K
  class space    used 881K, capacity 912K, committed 1024K, reserved 1048576K
Event: 1.892 GC heap after
Heap after GC invocations=7 (full 1):
 PSYoungGen      total 13312K, used 0K [0x00000000d7200000, 0x00000000d8600000, 0x0000000100000000)
  eden space 10752K, 0% used [0x00000000d7200000,0x00000000d7200000,0x00000000d7c80000)
  from space 2560K, 0% used [0x00000000d8080000,0x00000000d8080000,0x00000000d8300000)
  to   space 4096K, 0% used [0x00000000d7c80000,0x00000000d7c80000,0x00000000d8080000)
 ParOldGen       total 9728K, used 4798K [0x0000000085600000, 0x0000000085f80000, 0x00000000d7200000)
  object space 9728K, 49% used [0x0000000085600000,0x0000000085aaf860,0x0000000085f80000)
 Metaspace       used 7433K, capacity 8276K, committed 8448K, reserved 1056768K
  class space    used 881K, capacity 912K, committed 1024K, reserved 1048576K
}

