# JRE version: OpenJDK Runtime Environment (8.0_162-b12) (build 1.8.0_162-8u162-b12-1~deb9u1-b12)
# Java VM: OpenJDK 64-Bit Server VM (25.162-b12 mixed mode linux-amd64 compressed oops)
Heap:
 PSYoungGen      total 13824K, used 5651K [0x00000000d7200000, 0x00000000d8500000, 0x0000000100000000)
  eden space 11264K, 50% used [0x00000000d7200000,0x00000000d7784ef8,0x00000000d7d00000)
  from space 2560K, 0% used [0x00000000d8080000,0x00000000d8080000,0x00000000d8300000)
  to   space 3584K, 0% used [0x00000000d7d00000,0x00000000d7d00000,0x00000000d8080000)
 ParOldGen       total 9216K, used 4750K [0x0000000085600000, 0x0000000085f00000, 0x00000000d7200000)
  object space 9216K, 51% used [0x0000000085600000,0x0000000085aa3bc0,0x0000000085f00000)
 Metaspace       used 8178K, capacity 8724K, committed 8960K, reserved 1056768K
  class space    used 954K, capacity 976K, committed 1024K, reserved 1048576K
GC Heap History (10 events):
Event: 1.020 GC heap before
{Heap before GC invocations=3 (full 0):
 PSYoungGen      total 3584K, used 3582K [0x00000000d7200000, 0x00000000d7600000, 0x0000000100000000)
  eden space 3072K, 99% used [0x00000000d7200000,0x00000000d74ffb28,0x00000000d7500000)
  from space 512K, 100% used [0x00000000d7580000,0x00000000d7600000,0x00000000d7600000)
  to   space 512K, 0% used [0x00000000d7500000,0x00000000d7500000,0x00000000d7580000)
 ParOldGen       total 5632K, used 104K [0x0000000085600000, 0x0000000085b80000, 0x00000000d7200000)
  object space 5632K, 1% used [0x0000000085600000,0x000000008561a020,0x0000000085b80000)
 Metaspace       used 4813K, capacity 6028K, committed 6272K, reserved 1056768K
  class space    used 559K, capacity 584K, committed 640K, reserved 1048576K
Event: 1.032 GC heap after
Heap after GC invocations=3 (full 0):
 PSYoungGen      total 3584K, used 496K [0x00000000d7200000, 0x00000000d7900000, 0x0000000100000000)
  eden space 3072K, 0% used [0x00000000d7200000,0x00000000d7200000,0x00000000d7500000)
  from space 512K, 96% used [0x00000000d7500000,0x00000000d757c010,0x00000000d7580000)
  to   space 512K, 0% used [0x00000000d7880000,0x00000000d7880000,0x00000000d7900000)
 ParOldGen       total 5632K, used 552K [0x0000000085600000, 0x0000000085b80000, 0x00000000d7200000)
  object space 5632K, 9% used [0x0000000085600000,0x000000008568a070,0x0000000085b80000)
 Metaspace       used 4813K, capacity 6028K, committed 6272K, reserved 1056768K
  class space    used 559K, capacity 584K, committed 640K, reserved 1048576K
}
Event: 1.212 GC heap before
{Heap before GC invocations=4 (full 0):
 PSYoungGen      total 3584K, used 3568K [0x00000000d7200000, 0x00000000d7900000, 0x0000000100000000)
  eden space 3072K, 100% used [0x00000000d7200000,0x00000000d7500000,0x00000000d7500000)
  from space 512K, 96% used [0x00000000d7500000,0x00000000d757c010,0x00000000d7580000)
  to   space 512K, 0% used [0x00000000d7880000,0x00000000d7880000,0x00000000d7900000)
 ParOldGen       total 5632K, used 552K [0x0000000085600000, 0x0000000085b80000, 0x00000000d7200000)
  object space 5632K, 9% used [0x0000000085600000,0x000000008568a070,0x0000000085b80000)
 Metaspace       used 5622K, capacity 6796K, committed 6912K, reserved 1056768K
  class space    used 686K, capacity 712K, committed 768K, reserved 1048576K
Event: 1.226 GC heap after
Heap after GC invocations=4 (full 0):
 PSYoungGen      total 6656K, used 496K [0x00000000d7200000, 0x00000000d7900000, 0x0000000100000000)
  eden space 6144K, 0% used [0x00000000d7200000,0x00000000d7200000,0x00000000d7800000)
  from space 512K, 96% used [0x00000000d7880000,0x00000000d78fc010,0x00000000d7900000)
  to   space 512K, 0% used [0x00000000d7800000,0x00000000d7800000,0x00000000d7880000)
 ParOldGen       total 5632K, used 728K [0x0000000085600000, 0x0000000085b80000, 0x00000000d7200000)
  object space 5632K, 12% used [0x0000000085600000,0x00000000856b6070,0x0000000085b80000)
 Metaspace       used 5622K, capacity 6796K, committed 6912K, reserved 1056768K
  class space    used 686K, capacity 712K, committed 768K, reserved 1048576K
}
Event: 1.672 GC heap before
{Heap before GC invocations=5 (full 0):
 PSYoungGen      total 6656K, used 6640K [0x00000000d7200000, 0x00000000d7900000, 0x0000000100000000)
  eden space 6144K, 100% used [0x00000000d7200000,0x00000000d7800000,0x00000000d7800000)
  from space 512K, 96% used [0x00000000d7880000,0x00000000d78fc010,0x00000000d7900000)
  to   space 512K, 0% used [0x00000000d7800000,0x00000000d7800000,0x00000000d7880000)
 ParOldGen       total 5632K, used 728K [0x0000000085600000, 0x0000000085b80000, 0x00000000d7200000)
  object space 5632K, 12% used [0x0000000085600000,0x00000000856b6070,0x0000000085b80000)
 Metaspace       used 7181K, capacity 8116K, committed 8320K, reserved 1056768K
  class space    used 855K, capacity 880K, committed 896K, reserved 1048576K
Event: 1.679 GC heap after
Heap after GC invocations=5 (full 0):
 PSYoungGen      total 6656K, used 500K [0x00000000d7200000, 0x00000000d8300000, 0x0000000100000000)
  eden space 6144K, 0% used [0x00000000d7200000,0x00000000d7200000,0x00000000d7800000)
  from space 512K, 97% used [0x00000000d7800000,0x00000000d787d010,0x00000000d7880000)
  to   space 2560K, 0% used [0x00000000d8080000,0x00000000d8080000,0x00000000d8300000)
 ParOldGen       total 5632K, used 2929K [0x0000000085600000, 0x0000000085b80000, 0x00000000d7200000)
  object space 5632K, 52% used [0x0000000085600000,0x00000000858dc7e8,0x0000000085b80000)
 Metaspace       used 7181K, capacity 8116K, committed 8320K, reserved 1056768K
  class space    used 855K, capacity 880K, committed 896K, reserved 1048576K
}
Event: 2.048 GC heap before
{Heap before GC invocations=6 (full 0):
 PSYoungGen      total 6656K, used 6644K [0x00000000d7200000, 0x00000000d8300000, 0x0000000100000000)
  eden space 6144K, 100% used [0x00000000d7200000,0x00000000d7800000,0x00000000d7800000)
  from space 512K, 97% used [0x00000000d7800000,0x00000000d787d010,0x00000000d7880000)
  to   space 2560K, 0% used [0x00000000d8080000,0x00000000d8080000,0x00000000d8300000)
 ParOldGen       total 5632K, used 2929K [0x0000000085600000, 0x0000000085b80000, 0x00000000d7200000)
  object space 5632K, 52% used [0x0000000085600000,0x00000000858dc7e8,0x0000000085b80000)
 Metaspace       used 7276K, capacity 8116K, committed 8320K, reserved 1056768K
  class space    used 863K, capacity 880K, committed 896K, reserved 1048576K
Event: 2.060 GC heap after
Heap after GC invocations=6 (full 0):
 PSYoungGen      total 13824K, used 2551K [0x00000000d7200000, 0x00000000d8500000, 0x0000000100000000)
  eden space 11264K, 0% used [0x00000000d7200000,0x00000000d7200000,0x00000000d7d00000)
  from space 2560K, 99% used [0x00000000d8080000,0x00000000d82fdda8,0x00000000d8300000)
  to   space 3584K, 0% used [0x00000000d7d00000,0x00000000d7d00000,0x00000000d8080000)
 ParOldGen       total 5632K, used 3898K [0x0000000085600000, 0x0000000085b80000, 0x00000000d7200000)
  object space 5632K, 69% used [0x0000000085600000,0x00000000859ceae0,0x0000000085b80000)
 Metaspace       used 7276K, capacity 8116K, committed 8320K, reserved 1056768K
  class space    used 863K, capacity 880K, committed 896K, reserved 1048576K
}
Event: 2.061 GC heap before
{Heap before GC invocations=7 (full 1):
 PSYoungGen      total 13824K, used 2551K [0x00000000d7200000, 0x00000000d8500000, 0x0000000100000000)
  eden space 11264K, 0% used [0x00000000d7200000,0x00000000d7200000,0x00000000d7d00000)
  from space 2560K, 99% used [0x00000000d8080000,0x00000000d82fdda8,0x00000000d8300000)
  to   space 3584K, 0% used [0x00000000d7d00000,0x00000000d7d00000,0x00000000d8080000)
 ParOldGen       total 5632K, used 3898K [0x0000000085600000, 0x0000000085b80000, 0x00000000d7200000)
  object space 5632K, 69% used [0x0000000085600000,0x00000000859ceae0,0x0000000085b80000)
 Metaspace       used 7276K, capacity 8116K, committed 8320K, reserved 1056768K
  class space    used 863K, capacity 880K, committed 896K, reserved 1048576K
Event: 2.152 GC heap after
Heap after GC invocations=7 (full 1):
 PSYoungGen      total 13824K, used 0K [0x00000000d7200000, 0x00000000d8500000, 0x0000000100000000)
  eden space 11264K, 0% used [0x00000000d7200000,0x00000000d7200000,0x00000000d7d00000)
  from space 2560K, 0% used [0x00000000d8080000,0x00000000d8080000,0x00000000d8300000)
  to   space 3584K, 0% used [0x00000000d7d00000,0x00000000d7d00000,0x00000000d8080000)
 ParOldGen       total 9216K, used 4750K [0x0000000085600000, 0x0000000085f00000, 0x00000000d7200000)
  object space 9216K, 51% used [0x0000000085600000,0x0000000085aa3bc0,0x0000000085f00000)
 Metaspace       used 7276K, capacity 8116K, committed 8320K, reserved 1056768K
  class space    used 863K, capacity 880K, committed 896K, reserved 1048576K
}

