# JRE version: OpenJDK Runtime Environment (8.0_162-b12) (build 1.8.0_162-8u162-b12-1~deb9u1-b12)
# Java VM: OpenJDK 64-Bit Server VM (25.162-b12 mixed mode linux-amd64 compressed oops)
Heap:
 PSYoungGen      total 13824K, used 4057K [0x00000000d7200000, 0x00000000d8500000, 0x0000000100000000)
  eden space 11264K, 36% used [0x00000000d7200000,0x00000000d75f6548,0x00000000d7d00000)
  from space 2560K, 0% used [0x00000000d8080000,0x00000000d8080000,0x00000000d8300000)
  to   space 3584K, 0% used [0x00000000d7d00000,0x00000000d7d00000,0x00000000d8080000)
 ParOldGen       total 9216K, used 4748K [0x0000000085600000, 0x0000000085f00000, 0x00000000d7200000)
  object space 9216K, 51% used [0x0000000085600000,0x0000000085aa30c8,0x0000000085f00000)
 Metaspace       used 7905K, capacity 8500K, committed 8704K, reserved 1056768K
  class space    used 931K, capacity 944K, committed 1024K, reserved 1048576K
GC Heap History (10 events):
Event: 1.702 GC heap before
{Heap before GC invocations=3 (full 0):
 PSYoungGen      total 3584K, used 3490K [0x00000000d7200000, 0x00000000d7600000, 0x0000000100000000)
  eden space 3072K, 97% used [0x00000000d7200000,0x00000000d74eca80,0x00000000d7500000)
  from space 512K, 96% used [0x00000000d7580000,0x00000000d75fc010,0x00000000d7600000)
  to   space 512K, 0% used [0x00000000d7500000,0x00000000d7500000,0x00000000d7580000)
 ParOldGen       total 5632K, used 136K [0x0000000085600000, 0x0000000085b80000, 0x00000000d7200000)
  object space 5632K, 2% used [0x0000000085600000,0x0000000085622020,0x0000000085b80000)
 Metaspace       used 4747K, capacity 5964K, committed 6272K, reserved 1056768K
  class space    used 558K, capacity 584K, committed 640K, reserved 1048576K
Event: 1.714 GC heap after
Heap after GC invocations=3 (full 0):
 PSYoungGen      total 3584K, used 511K [0x00000000d7200000, 0x00000000d7900000, 0x0000000100000000)
  eden space 3072K, 0% used [0x00000000d7200000,0x00000000d7200000,0x00000000d7500000)
  from space 512K, 99% used [0x00000000d7500000,0x00000000d757fc10,0x00000000d7580000)
  to   space 512K, 0% used [0x00000000d7880000,0x00000000d7880000,0x00000000d7900000)
 ParOldGen       total 5632K, used 592K [0x0000000085600000, 0x0000000085b80000, 0x00000000d7200000)
  object space 5632K, 10% used [0x0000000085600000,0x0000000085694040,0x0000000085b80000)
 Metaspace       used 4747K, capacity 5964K, committed 6272K, reserved 1056768K
  class space    used 558K, capacity 584K, committed 640K, reserved 1048576K
}
Event: 1.974 GC heap before
{Heap before GC invocations=4 (full 0):
 PSYoungGen      total 3584K, used 3583K [0x00000000d7200000, 0x00000000d7900000, 0x0000000100000000)
  eden space 3072K, 100% used [0x00000000d7200000,0x00000000d7500000,0x00000000d7500000)
  from space 512K, 99% used [0x00000000d7500000,0x00000000d757fc10,0x00000000d7580000)
  to   space 512K, 0% used [0x00000000d7880000,0x00000000d7880000,0x00000000d7900000)
 ParOldGen       total 5632K, used 592K [0x0000000085600000, 0x0000000085b80000, 0x00000000d7200000)
  object space 5632K, 10% used [0x0000000085600000,0x0000000085694040,0x0000000085b80000)
 Metaspace       used 5570K, capacity 6796K, committed 6912K, reserved 1056768K
  class space    used 681K, capacity 712K, committed 768K, reserved 1048576K
Event: 1.996 GC heap after
Heap after GC invocations=4 (full 0):
 PSYoungGen      total 6656K, used 512K [0x00000000d7200000, 0x00000000d7900000, 0x0000000100000000)
  eden space 6144K, 0% used [0x00000000d7200000,0x00000000d7200000,0x00000000d7800000)
  from space 512K, 100% used [0x00000000d7880000,0x00000000d7900000,0x00000000d7900000)
  to   space 512K, 0% used [0x00000000d7800000,0x00000000d7800000,0x00000000d7880000)
 ParOldGen       total 5632K, used 640K [0x0000000085600000, 0x0000000085b80000, 0x00000000d7200000)
  object space 5632K, 11% used [0x0000000085600000,0x00000000856a0050,0x0000000085b80000)
 Metaspace       used 5570K, capacity 6796K, committed 6912K, reserved 1056768K
  class space    used 681K, capacity 712K, committed 768K, reserved 1048576K
}
Event: 2.700 GC heap before
{Heap before GC invocations=5 (full 0):
 PSYoungGen      total 6656K, used 6656K [0x00000000d7200000, 0x00000000d7900000, 0x0000000100000000)
  eden space 6144K, 100% used [0x00000000d7200000,0x00000000d7800000,0x00000000d7800000)
  from space 512K, 100% used [0x00000000d7880000,0x00000000d7900000,0x00000000d7900000)
  to   space 512K, 0% used [0x00000000d7800000,0x00000000d7800000,0x00000000d7880000)
 ParOldGen       total 5632K, used 640K [0x0000000085600000, 0x0000000085b80000, 0x00000000d7200000)
  object space 5632K, 11% used [0x0000000085600000,0x00000000856a0050,0x0000000085b80000)
 Metaspace       used 7144K, capacity 8052K, committed 8320K, reserved 1056768K
  class space    used 855K, capacity 880K, committed 896K, reserved 1048576K
Event: 2.722 GC heap after
Heap after GC invocations=5 (full 0):
 PSYoungGen      total 6656K, used 512K [0x00000000d7200000, 0x00000000d8300000, 0x0000000100000000)
  eden space 6144K, 0% used [0x00000000d7200000,0x00000000d7200000,0x00000000d7800000)
  from space 512K, 100% used [0x00000000d7800000,0x00000000d7880000,0x00000000d7880000)
  to   space 2560K, 0% used [0x00000000d8080000,0x00000000d8080000,0x00000000d8300000)
 ParOldGen       total 5632K, used 2920K [0x0000000085600000, 0x0000000085b80000, 0x00000000d7200000)
  object space 5632K, 51% used [0x0000000085600000,0x00000000858da2e8,0x0000000085b80000)
 Metaspace       used 7144K, capacity 8052K, committed 8320K, reserved 1056768K
  class space    used 855K, capacity 880K, committed 896K, reserved 1048576K
}
Event: 3.227 GC heap before
{Heap before GC invocations=6 (full 0):
 PSYoungGen      total 6656K, used 6656K [0x00000000d7200000, 0x00000000d8300000, 0x0000000100000000)
  eden space 6144K, 100% used [0x00000000d7200000,0x00000000d7800000,0x00000000d7800000)
  from space 512K, 100% used [0x00000000d7800000,0x00000000d7880000,0x00000000d7880000)
  to   space 2560K, 0% used [0x00000000d8080000,0x00000000d8080000,0x00000000d8300000)
 ParOldGen       total 5632K, used 2920K [0x0000000085600000, 0x0000000085b80000, 0x00000000d7200000)
  object space 5632K, 51% used [0x0000000085600000,0x00000000858da2e8,0x0000000085b80000)
 Metaspace       used 7233K, capacity 8116K, committed 8320K, reserved 1056768K
  class space    used 862K, capacity 880K, committed 896K, reserved 1048576K
Event: 3.246 GC heap after
Heap after GC invocations=6 (full 0):
 PSYoungGen      total 13824K, used 2551K [0x00000000d7200000, 0x00000000d8500000, 0x0000000100000000)
  eden space 11264K, 0% used [0x00000000d7200000,0x00000000d7200000,0x00000000d7d00000)
  from space 2560K, 99% used [0x00000000d8080000,0x00000000d82fdda8,0x00000000d8300000)
  to   space 3584K, 0% used [0x00000000d7d00000,0x00000000d7d00000,0x00000000d8080000)
 ParOldGen       total 5632K, used 3928K [0x0000000085600000, 0x0000000085b80000, 0x00000000d7200000)
  object space 5632K, 69% used [0x0000000085600000,0x00000000859d62e8,0x0000000085b80000)
 Metaspace       used 7233K, capacity 8116K, committed 8320K, reserved 1056768K
  class space    used 862K, capacity 880K, committed 896K, reserved 1048576K
}
Event: 3.246 GC heap before
{Heap before GC invocations=7 (full 1):
 PSYoungGen      total 13824K, used 2551K [0x00000000d7200000, 0x00000000d8500000, 0x0000000100000000)
  eden space 11264K, 0% used [0x00000000d7200000,0x00000000d7200000,0x00000000d7d00000)
  from space 2560K, 99% used [0x00000000d8080000,0x00000000d82fdda8,0x00000000d8300000)
  to   space 3584K, 0% used [0x00000000d7d00000,0x00000000d7d00000,0x00000000d8080000)
 ParOldGen       total 5632K, used 3928K [0x0000000085600000, 0x0000000085b80000, 0x00000000d7200000)
  object space 5632K, 69% used [0x0000000085600000,0x00000000859d62e8,0x0000000085b80000)
 Metaspace       used 7233K, capacity 8116K, committed 8320K, reserved 1056768K
  class space    used 862K, capacity 880K, committed 896K, reserved 1048576K
Event: 3.355 GC heap after
Heap after GC invocations=7 (full 1):
 PSYoungGen      total 13824K, used 0K [0x00000000d7200000, 0x00000000d8500000, 0x0000000100000000)
  eden space 11264K, 0% used [0x00000000d7200000,0x00000000d7200000,0x00000000d7d00000)
  from space 2560K, 0% used [0x00000000d8080000,0x00000000d8080000,0x00000000d8300000)
  to   space 3584K, 0% used [0x00000000d7d00000,0x00000000d7d00000,0x00000000d8080000)
 ParOldGen       total 9216K, used 4748K [0x0000000085600000, 0x0000000085f00000, 0x00000000d7200000)
  object space 9216K, 51% used [0x0000000085600000,0x0000000085aa30c8,0x0000000085f00000)
 Metaspace       used 7233K, capacity 8116K, committed 8320K, reserved 1056768K
  class space    used 862K, capacity 880K, committed 896K, reserved 1048576K
}

